十一月 09, 2023 11:25:53 上午 org.apache.catalina.startup.VersionLoggerListener log
信息: Server.服务器版本: Apache Tomcat/7.0.108
十一月 09, 2023 11:25:53 上午 org.apache.catalina.startup.VersionLoggerListener log
信息: 服务器构建:        Jan 28 2021 09:12:57 UTC
十一月 09, 2023 11:25:53 上午 org.apache.catalina.startup.VersionLoggerListener log
信息: 服务器版本号:      7.0.108.0
十一月 09, 2023 11:25:53 上午 org.apache.catalina.startup.VersionLoggerListener log
信息: 操作系统名称:      Windows 10
十一月 09, 2023 11:25:53 上午 org.apache.catalina.startup.VersionLoggerListener log
信息: OS.版本:           10.0
十一月 09, 2023 11:25:53 上午 org.apache.catalina.startup.VersionLoggerListener log
信息: 架构:              amd64
十一月 09, 2023 11:25:53 上午 org.apache.catalina.startup.VersionLoggerListener log
信息: Java 环境变量:     C:\Program Files\Java\jre1.8.0_144
十一月 09, 2023 11:25:53 上午 org.apache.catalina.startup.VersionLoggerListener log
信息: Java虚拟机版本:    1.8.0_144-b01
十一月 09, 2023 11:25:53 上午 org.apache.catalina.startup.VersionLoggerListener log
信息: JVM.供应商:        Oracle Corporation
十一月 09, 2023 11:25:53 上午 org.apache.catalina.startup.VersionLoggerListener log
信息: CATALINA_BASE:     I:\Program Files (x86)\eclipse-workspace\maoliang_test\WebContent\WEB-INF\lib\tomcat
十一月 09, 2023 11:25:53 上午 org.apache.catalina.startup.VersionLoggerListener log
信息: CATALINA_HOME:     I:\Program Files (x86)\eclipse-workspace\maoliang_test\WebContent\WEB-INF\lib\tomcat
十一月 09, 2023 11:25:53 上午 org.apache.catalina.startup.VersionLoggerListener log
信息: 命令行参数：       -Djava.util.logging.config.file=I:\Program Files (x86)\eclipse-workspace\maoliang_test\WebContent\WEB-INF\lib\tomcat\conf\logging.properties
十一月 09, 2023 11:25:53 上午 org.apache.catalina.startup.VersionLoggerListener log
信息: 命令行参数：       -Djava.util.logging.manager=org.apache.juli.ClassLoaderLogManager
十一月 09, 2023 11:25:53 上午 org.apache.catalina.startup.VersionLoggerListener log
信息: 命令行参数：       -Djdk.tls.ephemeralDHKeySize=2048
十一月 09, 2023 11:25:53 上午 org.apache.catalina.startup.VersionLoggerListener log
信息: 命令行参数：       -Dignore.endorsed.dirs=
十一月 09, 2023 11:25:53 上午 org.apache.catalina.startup.VersionLoggerListener log
信息: 命令行参数：       -Dcatalina.base=I:\Program Files (x86)\eclipse-workspace\maoliang_test\WebContent\WEB-INF\lib\tomcat
十一月 09, 2023 11:25:53 上午 org.apache.catalina.startup.VersionLoggerListener log
信息: 命令行参数：       -Dcatalina.home=I:\Program Files (x86)\eclipse-workspace\maoliang_test\WebContent\WEB-INF\lib\tomcat
十一月 09, 2023 11:25:53 上午 org.apache.catalina.startup.VersionLoggerListener log
信息: 命令行参数：       -Djava.io.tmpdir=I:\Program Files (x86)\eclipse-workspace\maoliang_test\WebContent\WEB-INF\lib\tomcat\temp
十一月 09, 2023 11:25:53 上午 org.apache.catalina.core.AprLifecycleListener lifecycleEvent
信息: 在java.library.path:[C:\Program Files\Java\jre1.8.0_144\bin;C:\WINDOWS\Sun\Java\bin;C:\WINDOWS\system32;C:\WINDOWS;I:\Program Files (x86)\VMware\VMware Workstation\bin\;C:\Program Files\Common Files\Oracle\Java\javapath;C:\Program Files (x86)\Common Files\Oracle\Java\javapath;C:\Program Files (x86)\Common Files\Intel\Shared Libraries\redist\intel64\compiler;C:\Windows\system32;C:\Windows;C:\Windows\System32\Wbem;C:\Windows\System32\WindowsPowerShell\v1.0\;C:\Windows\System32\OpenSSH\;C:\Program Files (x86)\NVIDIA Corporation\PhysX\Common;C:\Program Files\NVIDIA Corporation\NVIDIA NvDLISR;C:\WINDOWS\system32;C:\WINDOWS;C:\WINDOWS\System32\Wbem;C:\WINDOWS\System32\WindowsPowerShell\v1.0\;C:\WINDOWS\System32\OpenSSH\;C:\Program Files\dotnet\;C:\Program Files\Microsoft SQL Server\130\Tools\Binn\;C:\Program Files\Microsoft SQL Server\Client SDK\ODBC\170\Tools\Binn\;C:\Program Files\Microsoft SQL Server\120\Tools\Binn\;C:\Program Files\Common Files\Autodesk Shared\;I:\bkzbk\Program Files\nodejs\;I:\bkzbk\Tencent Files\微信web开发者工具\dll;C:\Pro;ram Files (x86)\Microsoft SQL Server\130\Tools\Binn\;C:\Program Files (x86)\Microsoft SQL Server\130\DTS\Binn\;C:\Program Files\Microsoft SQL Server\130\DTS\Binn\;C:\Program Files\Microsoft SQL Server\Client SDK\ODBC\130\Tools\Binn\;C:\Program Files\Azure Data Studio\bin;C:\Program Files (x86)\Microsoft SQL Server\150\DTS\Binn\;D:\MySQ;I:\bkzbk\Program Files\Git\cmd;C:\Program Files\Microsoft SQL Server\150\Tools\Binn\;C:\Users\lenovo\AppData\Local\Programs\Python\Python37\Scripts\;C:\Users\lenovo\AppData\Local\Programs\Python\Python37\;C:\Program Files\MySQL\MySQL Shell 8.0\bin\;C:\Users\lenovo\AppData\Local\Programs\Python\Python310\Scripts\;C:\Users\lenovo\AppData\Local\Programs\Python\Python310\;C:\Users\lenovo\AppData\Local\Microsoft\WindowsApps;C:\Users\lenovo\.dotnet\tools;".;D:\Program Files\Java\jdk-17.0.1\bin;D:\Program Files\Java\jdk-17.0.1\jre\bin";I:\bkzbk\Program Files (x86)\mitmproxy\bin;I:\bkzbk\Program Files (x86)\Microsoft VS Code\bin;D:\Program Files\msys64\mingw64\bin;D:\Program Files\Mingw64\bin;C:\Users\lenovo\AppData\Roaming\npm;I:\bkzbk\Program Files(x86)\PyCharm Community Edition 2022.2.4\bin;C:\Users\lenovo\AppData\Local\Programs\Fiddler;".;C:\Program Files\Java\jre1.8.0_144\bin;C:\Program Files\Java\jdk1.8.0_144\jre\bin";C:\Program Files (x86)\Microsoft Visual Studio\2022\BuildTools\Common7\IDE\CommonExtensions\Microsoft\CMake\CMake\bin;C:\Program Files (x86)\Microsoft Visual Studio\2022\BuildTools\VC\Tools\MSVC\14.36.32532\bin\Hostx86\x64;D:\apache-maven-3.9.5-bin\apache-maven-3.9.5\bin;D:\Program Files\JetBrains\IntelliJ IDEA 2023.2.4\bin;.]上找不到基于APR的Apache Tomcat本机库，该库允许在生产环境中获得最佳性能
十一月 09, 2023 11:25:54 上午 org.apache.coyote.AbstractProtocol init
信息: 初始化协议处理器 ["http-bio-8080"]
十一月 09, 2023 11:25:54 上午 org.apache.catalina.startup.Catalina load
信息: Initialization processed in 447 ms
十一月 09, 2023 11:25:54 上午 org.apache.catalina.core.StandardService startInternal
信息: 正在启动服务[Catalina]
十一月 09, 2023 11:25:54 上午 org.apache.catalina.core.StandardEngine startInternal
信息: Starting Servlet Engine: Apache Tomcat/7.0.108
十一月 09, 2023 11:25:55 上午 org.apache.catalina.util.SessionIdGeneratorBase createSecureRandom
警告: 使用[SHA1PRNG]创建会话ID生成的SecureRandom实例花费了[1,036]毫秒。
十一月 09, 2023 11:25:55 上午 org.apache.catalina.session.StandardManager doLoad
严重: IOException while loading persisted sessions: [java.io.StreamCorruptedException: invalid type code: 00]
java.io.StreamCorruptedException: invalid type code: 00
	at java.io.ObjectInputStream.readObject0(Unknown Source)
	at java.io.ObjectInputStream.defaultReadFields(Unknown Source)
	at java.io.ObjectInputStream.defaultReadObject(Unknown Source)
	at java.lang.Throwable.readObject(Unknown Source)
	at sun.reflect.NativeMethodAccessorImpl.invoke0(Native Method)
	at sun.reflect.NativeMethodAccessorImpl.invoke(Unknown Source)
	at sun.reflect.DelegatingMethodAccessorImpl.invoke(Unknown Source)
	at java.lang.reflect.Method.invoke(Unknown Source)
	at java.io.ObjectStreamClass.invokeReadObject(Unknown Source)
	at java.io.ObjectInputStream.readSerialData(Unknown Source)
	at java.io.ObjectInputStream.readOrdinaryObject(Unknown Source)
	at java.io.ObjectInputStream.readObject0(Unknown Source)
	at java.io.ObjectInputStream.readObject(Unknown Source)
	at org.apache.catalina.session.StandardSession.readObject(StandardSession.java:1579)
	at org.apache.catalina.session.StandardSession.readObjectData(StandardSession.java:1067)
	at org.apache.catalina.session.StandardManager.doLoad(StandardManager.java:259)
	at org.apache.catalina.session.StandardManager.load(StandardManager.java:176)
	at org.apache.catalina.session.StandardManager.startInternal(StandardManager.java:467)
	at org.apache.catalina.util.LifecycleBase.start(LifecycleBase.java:183)
	at org.apache.catalina.core.StandardContext.startInternal(StandardContext.java:5663)
	at org.apache.catalina.util.LifecycleBase.start(LifecycleBase.java:183)
	at org.apache.catalina.core.ContainerBase$StartChild.call(ContainerBase.java:1689)
	at org.apache.catalina.core.ContainerBase$StartChild.call(ContainerBase.java:1679)
	at java.util.concurrent.FutureTask.run(Unknown Source)
	at java.util.concurrent.ThreadPoolExecutor.runWorker(Unknown Source)
	at java.util.concurrent.ThreadPoolExecutor$Worker.run(Unknown Source)
	at java.lang.Thread.run(Unknown Source)

十一月 09, 2023 11:25:55 上午 org.apache.catalina.session.StandardManager startInternal
严重: 从持久化存储加载会话发生异常
java.io.StreamCorruptedException: invalid type code: 00
	at java.io.ObjectInputStream.readObject0(Unknown Source)
	at java.io.ObjectInputStream.defaultReadFields(Unknown Source)
	at java.io.ObjectInputStream.defaultReadObject(Unknown Source)
	at java.lang.Throwable.readObject(Unknown Source)
	at sun.reflect.NativeMethodAccessorImpl.invoke0(Native Method)
	at sun.reflect.NativeMethodAccessorImpl.invoke(Unknown Source)
	at sun.reflect.DelegatingMethodAccessorImpl.invoke(Unknown Source)
	at java.lang.reflect.Method.invoke(Unknown Source)
	at java.io.ObjectStreamClass.invokeReadObject(Unknown Source)
	at java.io.ObjectInputStream.readSerialData(Unknown Source)
	at java.io.ObjectInputStream.readOrdinaryObject(Unknown Source)
	at java.io.ObjectInputStream.readObject0(Unknown Source)
	at java.io.ObjectInputStream.readObject(Unknown Source)
	at org.apache.catalina.session.StandardSession.readObject(StandardSession.java:1579)
	at org.apache.catalina.session.StandardSession.readObjectData(StandardSession.java:1067)
	at org.apache.catalina.session.StandardManager.doLoad(StandardManager.java:259)
	at org.apache.catalina.session.StandardManager.load(StandardManager.java:176)
	at org.apache.catalina.session.StandardManager.startInternal(StandardManager.java:467)
	at org.apache.catalina.util.LifecycleBase.start(LifecycleBase.java:183)
	at org.apache.catalina.core.StandardContext.startInternal(StandardContext.java:5663)
	at org.apache.catalina.util.LifecycleBase.start(LifecycleBase.java:183)
	at org.apache.catalina.core.ContainerBase$StartChild.call(ContainerBase.java:1689)
	at org.apache.catalina.core.ContainerBase$StartChild.call(ContainerBase.java:1679)
	at java.util.concurrent.FutureTask.run(Unknown Source)
	at java.util.concurrent.ThreadPoolExecutor.runWorker(Unknown Source)
	at java.util.concurrent.ThreadPoolExecutor$Worker.run(Unknown Source)
	at java.lang.Thread.run(Unknown Source)

十一月 09, 2023 11:25:55 上午 org.apache.catalina.startup.HostConfig deployDirectory
信息: 把web 应用程序部署到目录 [I:\Program Files (x86)\eclipse-workspace\maoliang_test\WebContent\WEB-INF\lib\tomcat\webapps\docs]
十一月 09, 2023 11:25:55 上午 org.apache.catalina.startup.HostConfig deployDirectory
信息: Web应用程序目录[I:\Program Files (x86)\eclipse-workspace\maoliang_test\WebContent\WEB-INF\lib\tomcat\webapps\docs]的部署已在[48]毫秒内完成
十一月 09, 2023 11:25:55 上午 org.apache.catalina.startup.HostConfig deployDirectory
信息: 把web 应用程序部署到目录 [I:\Program Files (x86)\eclipse-workspace\maoliang_test\WebContent\WEB-INF\lib\tomcat\webapps\host-manager]
十一月 09, 2023 11:25:55 上午 org.apache.catalina.startup.HostConfig deployDirectory
信息: Web应用程序目录[I:\Program Files (x86)\eclipse-workspace\maoliang_test\WebContent\WEB-INF\lib\tomcat\webapps\host-manager]的部署已在[60]毫秒内完成
十一月 09, 2023 11:25:55 上午 org.apache.catalina.startup.HostConfig deployDirectory
信息: 把web 应用程序部署到目录 [I:\Program Files (x86)\eclipse-workspace\maoliang_test\WebContent\WEB-INF\lib\tomcat\webapps\manager]
十一月 09, 2023 11:25:55 上午 org.apache.catalina.startup.HostConfig deployDirectory
信息: Web应用程序目录[I:\Program Files (x86)\eclipse-workspace\maoliang_test\WebContent\WEB-INF\lib\tomcat\webapps\manager]的部署已在[55]毫秒内完成
十一月 09, 2023 11:25:55 上午 org.apache.catalina.startup.HostConfig deployDirectory
信息: 把web 应用程序部署到目录 [I:\Program Files (x86)\eclipse-workspace\maoliang_test\WebContent\WEB-INF\lib\tomcat\webapps\ROOT]
十一月 09, 2023 11:25:55 上午 org.apache.catalina.startup.HostConfig deployDirectory
信息: Web应用程序目录[I:\Program Files (x86)\eclipse-workspace\maoliang_test\WebContent\WEB-INF\lib\tomcat\webapps\ROOT]的部署已在[48]毫秒内完成
十一月 09, 2023 11:25:55 上午 org.apache.coyote.AbstractProtocol start
信息: 开始协议处理句柄["http-bio-8080"]
十一月 09, 2023 11:25:55 上午 org.apache.catalina.startup.Catalina start
信息: Server startup in 1810 ms
