三月 14, 2023 1:06:22 下午 org.apache.catalina.core.ApplicationContext log
信息: ContextListener: contextInitialized()
三月 14, 2023 1:06:22 下午 org.apache.catalina.core.ApplicationContext log
信息: SessionListener: contextInitialized()
三月 14, 2023 1:06:23 下午 org.apache.catalina.core.ApplicationContext log
信息: ContextListener: attributeAdded('StockTicker', 'async.Stockticker@58f9dbf')
三月 14, 2023 1:06:23 下午 org.apache.catalina.core.ApplicationContext log
信息: ContextListener: attributeAdded('org.apache.jasper.compiler.TldLocationsCache', 'org.apache.jasper.compiler.TldLocationsCache@2d1c1390')
三月 14, 2023 1:07:05 下午 org.apache.catalina.core.ApplicationContext log
信息: ContextListener: contextInitialized()
三月 14, 2023 1:07:05 下午 org.apache.catalina.core.ApplicationContext log
信息: SessionListener: contextInitialized()
三月 14, 2023 1:07:05 下午 org.apache.catalina.core.ApplicationContext log
信息: ContextListener: attributeAdded('StockTicker', 'async.Stockticker@58f9dbf')
三月 14, 2023 1:07:05 下午 org.apache.catalina.core.ApplicationContext log
信息: ContextListener: attributeAdded('org.apache.jasper.compiler.TldLocationsCache', 'org.apache.jasper.compiler.TldLocationsCache@2d1c1390')
三月 14, 2023 2:36:32 下午 org.apache.catalina.core.ApplicationContext log
信息: ContextListener: contextInitialized()
三月 14, 2023 2:36:32 下午 org.apache.catalina.core.ApplicationContext log
信息: SessionListener: contextInitialized()
三月 14, 2023 2:36:32 下午 org.apache.catalina.core.ApplicationContext log
信息: ContextListener: attributeAdded('StockTicker', 'async.Stockticker@157cbe1c')
三月 14, 2023 2:36:32 下午 org.apache.catalina.core.ApplicationContext log
信息: ContextListener: attributeAdded('org.apache.jasper.compiler.TldLocationsCache', 'org.apache.jasper.compiler.TldLocationsCache@77fc95a0')
